<?xml version="1.0" encoding="UTF-8"?>
<testsuite xmlns:xsi="http://www.w3.org/2001/XMLSchema-instance" xsi:noNamespaceSchemaLocation="https://maven.apache.org/surefire/maven-surefire-plugin/xsd/surefire-test-report-3.0.xsd" version="3.0" name="runner.TestRunner" time="336.595" tests="1" errors="0" skipped="0" failures="1">
  <properties>
    <property name="sun.desktop" value="windows"/>
    <property name="awt.toolkit" value="sun.awt.windows.WToolkit"/>
    <property name="java.specification.version" value="11"/>
    <property name="sun.cpu.isalist" value="amd64"/>
    <property name="sun.jnu.encoding" value="Cp1252"/>
    <property name="java.class.path" value="C:\Users\TriNity\IdeaProjects\Home_Testing\target\test-classes;C:\Users\TriNity\IdeaProjects\Home_Testing\target\classes;C:\Users\TriNity\.m2\repository\info\cukes\cucumber-java\1.2.5\cucumber-java-1.2.5.jar;C:\Users\TriNity\.m2\repository\info\cukes\cucumber-core\1.2.5\cucumber-core-1.2.5.jar;C:\Users\TriNity\.m2\repository\info\cukes\cucumber-html\0.2.3\cucumber-html-0.2.3.jar;C:\Users\TriNity\.m2\repository\info\cukes\gherkin\2.12.2\gherkin-2.12.2.jar;C:\Users\TriNity\.m2\repository\info\cukes\cucumber-jvm-deps\1.0.5\cucumber-jvm-deps-1.0.5.jar;C:\Users\TriNity\.m2\repository\info\cukes\cucumber-testng\1.2.5\cucumber-testng-1.2.5.jar;C:\Users\TriNity\.m2\repository\org\testng\testng\6.9.10\testng-6.9.10.jar;C:\Users\TriNity\.m2\repository\org\beanshell\bsh\2.0b4\bsh-2.0b4.jar;C:\Users\TriNity\.m2\repository\net\masterthought\cucumber-reporting\3.8.0\cucumber-reporting-3.8.0.jar;C:\Users\TriNity\.m2\repository\org\apache\logging\log4j\log4j-api\2.6\log4j-api-2.6.jar;C:\Users\TriNity\.m2\repository\org\apache\logging\log4j\log4j-core\2.6\log4j-core-2.6.jar;C:\Users\TriNity\.m2\repository\com\fasterxml\jackson\core\jackson-databind\2.8.5\jackson-databind-2.8.5.jar;C:\Users\TriNity\.m2\repository\com\fasterxml\jackson\core\jackson-annotations\2.8.0\jackson-annotations-2.8.0.jar;C:\Users\TriNity\.m2\repository\com\fasterxml\jackson\core\jackson-core\2.8.5\jackson-core-2.8.5.jar;C:\Users\TriNity\.m2\repository\org\apache\velocity\velocity\1.7\velocity-1.7.jar;C:\Users\TriNity\.m2\repository\commons-collections\commons-collections\3.2.1\commons-collections-3.2.1.jar;C:\Users\TriNity\.m2\repository\commons-lang\commons-lang\2.4\commons-lang-2.4.jar;C:\Users\TriNity\.m2\repository\velocity-tools\velocity-tools\1.4\velocity-tools-1.4.jar;C:\Users\TriNity\.m2\repository\joda-time\joda-time\2.9.6\joda-time-2.9.6.jar;C:\Users\TriNity\.m2\repository\org\apache\commons\commons-lang3\3.5\commons-lang3-3.5.jar;C:\Users\TriNity\.m2\repository\commons-io\commons-io\2.5\commons-io-2.5.jar;C:\Users\TriNity\.m2\repository\net\lingala\zip4j\zip4j\1.3.2\zip4j-1.3.2.jar;C:\Users\TriNity\.m2\repository\org\codehaus\plexus\plexus-utils\3.0.24\plexus-utils-3.0.24.jar;C:\Users\TriNity\.m2\repository\org\jsoup\jsoup\1.10.1\jsoup-1.10.1.jar;C:\Users\TriNity\.m2\repository\com\googlecode\owasp-java-html-sanitizer\owasp-java-html-sanitizer\20160924.1\owasp-java-html-sanitizer-20160924.1.jar;C:\Users\TriNity\.m2\repository\com\google\guava\guava\20.0\guava-20.0.jar;C:\Users\TriNity\.m2\repository\org\seleniumhq\selenium\selenium-api\3.0.1\selenium-api-3.0.1.jar;C:\Users\TriNity\.m2\repository\org\seleniumhq\selenium\selenium-support\3.0.1\selenium-support-3.0.1.jar;C:\Users\TriNity\.m2\repository\org\seleniumhq\selenium\selenium-remote-driver\3.0.1\selenium-remote-driver-3.0.1.jar;C:\Users\TriNity\.m2\repository\cglib\cglib-nodep\3.2.4\cglib-nodep-3.2.4.jar;C:\Users\TriNity\.m2\repository\org\apache\commons\commons-exec\1.3\commons-exec-1.3.jar;C:\Users\TriNity\.m2\repository\com\google\code\gson\gson\2.3.1\gson-2.3.1.jar;C:\Users\TriNity\.m2\repository\org\apache\httpcomponents\httpmime\4.5.2\httpmime-4.5.2.jar;C:\Users\TriNity\.m2\repository\org\apache\httpcomponents\httpclient\4.5.2\httpclient-4.5.2.jar;C:\Users\TriNity\.m2\repository\org\apache\httpcomponents\httpcore\4.4.4\httpcore-4.4.4.jar;C:\Users\TriNity\.m2\repository\commons-logging\commons-logging\1.2\commons-logging-1.2.jar;C:\Users\TriNity\.m2\repository\net\java\dev\jna\jna-platform\4.1.0\jna-platform-4.1.0.jar;C:\Users\TriNity\.m2\repository\net\java\dev\jna\jna\4.1.0\jna-4.1.0.jar;C:\Users\TriNity\.m2\repository\junit\junit\4.12\junit-4.12.jar;C:\Users\TriNity\.m2\repository\org\hamcrest\hamcrest-core\1.3\hamcrest-core-1.3.jar;C:\Users\TriNity\.m2\repository\org\seleniumhq\selenium\selenium-server\2.51.0\selenium-server-2.51.0.jar;C:\Users\TriNity\.m2\repository\com\beust\jcommander\1.48\jcommander-1.48.jar;C:\Users\TriNity\.m2\repository\org\bouncycastle\bcprov-jdk15on\1.48\bcprov-jdk15on-1.48.jar;C:\Users\TriNity\.m2\repository\org\bouncycastle\bcpkix-jdk15on\1.48\bcpkix-jdk15on-1.48.jar;C:\Users\TriNity\.m2\repository\mx4j\mx4j-tools\3.0.1\mx4j-tools-3.0.1.jar;C:\Users\TriNity\.m2\repository\org\seleniumhq\selenium\jetty-repacked\9.2.13.v20150730\jetty-repacked-9.2.13.v20150730.jar;C:\Users\TriNity\.m2\repository\javax\servlet\javax.servlet-api\3.1.0\javax.servlet-api-3.1.0.jar;C:\Users\TriNity\.m2\repository\org\seleniumhq\selenium\jetty-rc-repacked\5\jetty-rc-repacked-5.jar;C:\Users\TriNity\.m2\repository\net\jcip\jcip-annotations\1.0\jcip-annotations-1.0.jar;C:\Users\TriNity\.m2\repository\org\seleniumhq\selenium\selenium-java\2.51.0\selenium-java-2.51.0.jar;C:\Users\TriNity\.m2\repository\org\seleniumhq\selenium\selenium-chrome-driver\2.51.0\selenium-chrome-driver-2.51.0.jar;C:\Users\TriNity\.m2\repository\org\seleniumhq\selenium\selenium-edge-driver\2.51.0\selenium-edge-driver-2.51.0.jar;C:\Users\TriNity\.m2\repository\org\seleniumhq\selenium\selenium-htmlunit-driver\2.51.0\selenium-htmlunit-driver-2.51.0.jar;C:\Users\TriNity\.m2\repository\net\sourceforge\htmlunit\htmlunit\2.18\htmlunit-2.18.jar;C:\Users\TriNity\.m2\repository\xalan\xalan\2.7.2\xalan-2.7.2.jar;C:\Users\TriNity\.m2\repository\xalan\serializer\2.7.2\serializer-2.7.2.jar;C:\Users\TriNity\.m2\repository\net\sourceforge\htmlunit\htmlunit-core-js\2.17\htmlunit-core-js-2.17.jar;C:\Users\TriNity\.m2\repository\xerces\xercesImpl\2.11.0\xercesImpl-2.11.0.jar;C:\Users\TriNity\.m2\repository\xml-apis\xml-apis\1.4.01\xml-apis-1.4.01.jar;C:\Users\TriNity\.m2\repository\net\sourceforge\nekohtml\nekohtml\1.9.22\nekohtml-1.9.22.jar;C:\Users\TriNity\.m2\repository\net\sourceforge\cssparser\cssparser\0.9.16\cssparser-0.9.16.jar;C:\Users\TriNity\.m2\repository\org\w3c\css\sac\1.3\sac-1.3.jar;C:\Users\TriNity\.m2\repository\org\eclipse\jetty\websocket\websocket-client\9.2.12.v20150709\websocket-client-9.2.12.v20150709.jar;C:\Users\TriNity\.m2\repository\org\eclipse\jetty\jetty-util\9.2.12.v20150709\jetty-util-9.2.12.v20150709.jar;C:\Users\TriNity\.m2\repository\org\eclipse\jetty\jetty-io\9.2.12.v20150709\jetty-io-9.2.12.v20150709.jar;C:\Users\TriNity\.m2\repository\org\eclipse\jetty\websocket\websocket-common\9.2.12.v20150709\websocket-common-9.2.12.v20150709.jar;C:\Users\TriNity\.m2\repository\org\eclipse\jetty\websocket\websocket-api\9.2.12.v20150709\websocket-api-9.2.12.v20150709.jar;C:\Users\TriNity\.m2\repository\org\seleniumhq\selenium\selenium-firefox-driver\2.51.0\selenium-firefox-driver-2.51.0.jar;C:\Users\TriNity\.m2\repository\org\seleniumhq\selenium\selenium-ie-driver\2.51.0\selenium-ie-driver-2.51.0.jar;C:\Users\TriNity\.m2\repository\org\seleniumhq\selenium\selenium-safari-driver\2.51.0\selenium-safari-driver-2.51.0.jar;C:\Users\TriNity\.m2\repository\org\webbitserver\webbit\0.4.14\webbit-0.4.14.jar;C:\Users\TriNity\.m2\repository\io\netty\netty\3.5.2.Final\netty-3.5.2.Final.jar;C:\Users\TriNity\.m2\repository\org\seleniumhq\selenium\selenium-leg-rc\2.51.0\selenium-leg-rc-2.51.0.jar;C:\Users\TriNity\.m2\repository\org\yaml\snakeyaml\1.8\snakeyaml-1.8.jar;C:\Users\TriNity\.m2\repository\commons-codec\commons-codec\1.10\commons-codec-1.10.jar;C:\Users\TriNity\.m2\repository\info\cukes\cucumber-junit\1.0.2\cucumber-junit-1.0.2.jar;"/>
    <property name="java.vm.vendor" value="Oracle Corporation"/>
    <property name="sun.arch.data.model" value="64"/>
    <property name="user.variant" value=""/>
    <property name="java.vendor.url" value="http://java.oracle.com/"/>
    <property name="user.timezone" value="Europe/London"/>
    <property name="java.vm.specification.version" value="11"/>
    <property name="os.name" value="Windows 10"/>
    <property name="sun.java.launcher" value="SUN_STANDARD"/>
    <property name="user.country" value="GB"/>
    <property name="sun.boot.library.path" value="C:\Program Files\Java\jdk-11.0.3\bin"/>
    <property name="sun.java.command" value="C:\Users\TriNity\AppData\Local\Temp\surefire2802435012942083388\surefirebooter2702641834764477516.jar C:\Users\TriNity\AppData\Local\Temp\surefire2802435012942083388 2019-05-17T05-16-49_632-jvmRun1 surefire7766670631298911181tmp surefire_08313439906859222354tmp"/>
    <property name="jdk.debug" value="release"/>
    <property name="surefire.test.class.path" value="C:\Users\TriNity\IdeaProjects\Home_Testing\target\test-classes;C:\Users\TriNity\IdeaProjects\Home_Testing\target\classes;C:\Users\TriNity\.m2\repository\info\cukes\cucumber-java\1.2.5\cucumber-java-1.2.5.jar;C:\Users\TriNity\.m2\repository\info\cukes\cucumber-core\1.2.5\cucumber-core-1.2.5.jar;C:\Users\TriNity\.m2\repository\info\cukes\cucumber-html\0.2.3\cucumber-html-0.2.3.jar;C:\Users\TriNity\.m2\repository\info\cukes\gherkin\2.12.2\gherkin-2.12.2.jar;C:\Users\TriNity\.m2\repository\info\cukes\cucumber-jvm-deps\1.0.5\cucumber-jvm-deps-1.0.5.jar;C:\Users\TriNity\.m2\repository\info\cukes\cucumber-testng\1.2.5\cucumber-testng-1.2.5.jar;C:\Users\TriNity\.m2\repository\org\testng\testng\6.9.10\testng-6.9.10.jar;C:\Users\TriNity\.m2\repository\org\beanshell\bsh\2.0b4\bsh-2.0b4.jar;C:\Users\TriNity\.m2\repository\net\masterthought\cucumber-reporting\3.8.0\cucumber-reporting-3.8.0.jar;C:\Users\TriNity\.m2\repository\org\apache\logging\log4j\log4j-api\2.6\log4j-api-2.6.jar;C:\Users\TriNity\.m2\repository\org\apache\logging\log4j\log4j-core\2.6\log4j-core-2.6.jar;C:\Users\TriNity\.m2\repository\com\fasterxml\jackson\core\jackson-databind\2.8.5\jackson-databind-2.8.5.jar;C:\Users\TriNity\.m2\repository\com\fasterxml\jackson\core\jackson-annotations\2.8.0\jackson-annotations-2.8.0.jar;C:\Users\TriNity\.m2\repository\com\fasterxml\jackson\core\jackson-core\2.8.5\jackson-core-2.8.5.jar;C:\Users\TriNity\.m2\repository\org\apache\velocity\velocity\1.7\velocity-1.7.jar;C:\Users\TriNity\.m2\repository\commons-collections\commons-collections\3.2.1\commons-collections-3.2.1.jar;C:\Users\TriNity\.m2\repository\commons-lang\commons-lang\2.4\commons-lang-2.4.jar;C:\Users\TriNity\.m2\repository\velocity-tools\velocity-tools\1.4\velocity-tools-1.4.jar;C:\Users\TriNity\.m2\repository\joda-time\joda-time\2.9.6\joda-time-2.9.6.jar;C:\Users\TriNity\.m2\repository\org\apache\commons\commons-lang3\3.5\commons-lang3-3.5.jar;C:\Users\TriNity\.m2\repository\commons-io\commons-io\2.5\commons-io-2.5.jar;C:\Users\TriNity\.m2\repository\net\lingala\zip4j\zip4j\1.3.2\zip4j-1.3.2.jar;C:\Users\TriNity\.m2\repository\org\codehaus\plexus\plexus-utils\3.0.24\plexus-utils-3.0.24.jar;C:\Users\TriNity\.m2\repository\org\jsoup\jsoup\1.10.1\jsoup-1.10.1.jar;C:\Users\TriNity\.m2\repository\com\googlecode\owasp-java-html-sanitizer\owasp-java-html-sanitizer\20160924.1\owasp-java-html-sanitizer-20160924.1.jar;C:\Users\TriNity\.m2\repository\com\google\guava\guava\20.0\guava-20.0.jar;C:\Users\TriNity\.m2\repository\org\seleniumhq\selenium\selenium-api\3.0.1\selenium-api-3.0.1.jar;C:\Users\TriNity\.m2\repository\org\seleniumhq\selenium\selenium-support\3.0.1\selenium-support-3.0.1.jar;C:\Users\TriNity\.m2\repository\org\seleniumhq\selenium\selenium-remote-driver\3.0.1\selenium-remote-driver-3.0.1.jar;C:\Users\TriNity\.m2\repository\cglib\cglib-nodep\3.2.4\cglib-nodep-3.2.4.jar;C:\Users\TriNity\.m2\repository\org\apache\commons\commons-exec\1.3\commons-exec-1.3.jar;C:\Users\TriNity\.m2\repository\com\google\code\gson\gson\2.3.1\gson-2.3.1.jar;C:\Users\TriNity\.m2\repository\org\apache\httpcomponents\httpmime\4.5.2\httpmime-4.5.2.jar;C:\Users\TriNity\.m2\repository\org\apache\httpcomponents\httpclient\4.5.2\httpclient-4.5.2.jar;C:\Users\TriNity\.m2\repository\org\apache\httpcomponents\httpcore\4.4.4\httpcore-4.4.4.jar;C:\Users\TriNity\.m2\repository\commons-logging\commons-logging\1.2\commons-logging-1.2.jar;C:\Users\TriNity\.m2\repository\net\java\dev\jna\jna-platform\4.1.0\jna-platform-4.1.0.jar;C:\Users\TriNity\.m2\repository\net\java\dev\jna\jna\4.1.0\jna-4.1.0.jar;C:\Users\TriNity\.m2\repository\junit\junit\4.12\junit-4.12.jar;C:\Users\TriNity\.m2\repository\org\hamcrest\hamcrest-core\1.3\hamcrest-core-1.3.jar;C:\Users\TriNity\.m2\repository\org\seleniumhq\selenium\selenium-server\2.51.0\selenium-server-2.51.0.jar;C:\Users\TriNity\.m2\repository\com\beust\jcommander\1.48\jcommander-1.48.jar;C:\Users\TriNity\.m2\repository\org\bouncycastle\bcprov-jdk15on\1.48\bcprov-jdk15on-1.48.jar;C:\Users\TriNity\.m2\repository\org\bouncycastle\bcpkix-jdk15on\1.48\bcpkix-jdk15on-1.48.jar;C:\Users\TriNity\.m2\repository\mx4j\mx4j-tools\3.0.1\mx4j-tools-3.0.1.jar;C:\Users\TriNity\.m2\repository\org\seleniumhq\selenium\jetty-repacked\9.2.13.v20150730\jetty-repacked-9.2.13.v20150730.jar;C:\Users\TriNity\.m2\repository\javax\servlet\javax.servlet-api\3.1.0\javax.servlet-api-3.1.0.jar;C:\Users\TriNity\.m2\repository\org\seleniumhq\selenium\jetty-rc-repacked\5\jetty-rc-repacked-5.jar;C:\Users\TriNity\.m2\repository\net\jcip\jcip-annotations\1.0\jcip-annotations-1.0.jar;C:\Users\TriNity\.m2\repository\org\seleniumhq\selenium\selenium-java\2.51.0\selenium-java-2.51.0.jar;C:\Users\TriNity\.m2\repository\org\seleniumhq\selenium\selenium-chrome-driver\2.51.0\selenium-chrome-driver-2.51.0.jar;C:\Users\TriNity\.m2\repository\org\seleniumhq\selenium\selenium-edge-driver\2.51.0\selenium-edge-driver-2.51.0.jar;C:\Users\TriNity\.m2\repository\org\seleniumhq\selenium\selenium-htmlunit-driver\2.51.0\selenium-htmlunit-driver-2.51.0.jar;C:\Users\TriNity\.m2\repository\net\sourceforge\htmlunit\htmlunit\2.18\htmlunit-2.18.jar;C:\Users\TriNity\.m2\repository\xalan\xalan\2.7.2\xalan-2.7.2.jar;C:\Users\TriNity\.m2\repository\xalan\serializer\2.7.2\serializer-2.7.2.jar;C:\Users\TriNity\.m2\repository\net\sourceforge\htmlunit\htmlunit-core-js\2.17\htmlunit-core-js-2.17.jar;C:\Users\TriNity\.m2\repository\xerces\xercesImpl\2.11.0\xercesImpl-2.11.0.jar;C:\Users\TriNity\.m2\repository\xml-apis\xml-apis\1.4.01\xml-apis-1.4.01.jar;C:\Users\TriNity\.m2\repository\net\sourceforge\nekohtml\nekohtml\1.9.22\nekohtml-1.9.22.jar;C:\Users\TriNity\.m2\repository\net\sourceforge\cssparser\cssparser\0.9.16\cssparser-0.9.16.jar;C:\Users\TriNity\.m2\repository\org\w3c\css\sac\1.3\sac-1.3.jar;C:\Users\TriNity\.m2\repository\org\eclipse\jetty\websocket\websocket-client\9.2.12.v20150709\websocket-client-9.2.12.v20150709.jar;C:\Users\TriNity\.m2\repository\org\eclipse\jetty\jetty-util\9.2.12.v20150709\jetty-util-9.2.12.v20150709.jar;C:\Users\TriNity\.m2\repository\org\eclipse\jetty\jetty-io\9.2.12.v20150709\jetty-io-9.2.12.v20150709.jar;C:\Users\TriNity\.m2\repository\org\eclipse\jetty\websocket\websocket-common\9.2.12.v20150709\websocket-common-9.2.12.v20150709.jar;C:\Users\TriNity\.m2\repository\org\eclipse\jetty\websocket\websocket-api\9.2.12.v20150709\websocket-api-9.2.12.v20150709.jar;C:\Users\TriNity\.m2\repository\org\seleniumhq\selenium\selenium-firefox-driver\2.51.0\selenium-firefox-driver-2.51.0.jar;C:\Users\TriNity\.m2\repository\org\seleniumhq\selenium\selenium-ie-driver\2.51.0\selenium-ie-driver-2.51.0.jar;C:\Users\TriNity\.m2\repository\org\seleniumhq\selenium\selenium-safari-driver\2.51.0\selenium-safari-driver-2.51.0.jar;C:\Users\TriNity\.m2\repository\org\webbitserver\webbit\0.4.14\webbit-0.4.14.jar;C:\Users\TriNity\.m2\repository\io\netty\netty\3.5.2.Final\netty-3.5.2.Final.jar;C:\Users\TriNity\.m2\repository\org\seleniumhq\selenium\selenium-leg-rc\2.51.0\selenium-leg-rc-2.51.0.jar;C:\Users\TriNity\.m2\repository\org\yaml\snakeyaml\1.8\snakeyaml-1.8.jar;C:\Users\TriNity\.m2\repository\commons-codec\commons-codec\1.10\commons-codec-1.10.jar;C:\Users\TriNity\.m2\repository\info\cukes\cucumber-junit\1.0.2\cucumber-junit-1.0.2.jar;"/>
    <property name="sun.cpu.endian" value="little"/>
    <property name="user.home" value="C:\Users\TriNity"/>
    <property name="user.language" value="en"/>
    <property name="java.specification.vendor" value="Oracle Corporation"/>
    <property name="java.version.date" value="2019-04-16"/>
    <property name="java.home" value="C:\Program Files\Java\jdk-11.0.3"/>
    <property name="file.separator" value="\"/>
    <property name="basedir" value="C:\Users\TriNity\IdeaProjects\Home_Testing"/>
    <property name="java.vm.compressedOopsMode" value="32-bit"/>
    <property name="line.separator" value="&#10;"/>
    <property name="java.specification.name" value="Java Platform API Specification"/>
    <property name="java.vm.specification.vendor" value="Oracle Corporation"/>
    <property name="java.awt.graphicsenv" value="sun.awt.Win32GraphicsEnvironment"/>
    <property name="surefire.real.class.path" value="C:\Users\TriNity\AppData\Local\Temp\surefire2802435012942083388\surefirebooter2702641834764477516.jar"/>
    <property name="user.script" value=""/>
    <property name="sun.management.compiler" value="HotSpot 64-Bit Tiered Compilers"/>
    <property name="java.runtime.version" value="11.0.3+12-LTS"/>
    <property name="user.name" value="TriNity"/>
    <property name="path.separator" value=";"/>
    <property name="os.version" value="10.0"/>
    <property name="java.runtime.name" value="Java(TM) SE Runtime Environment"/>
    <property name="file.encoding" value="Cp1252"/>
    <property name="java.vm.name" value="Java HotSpot(TM) 64-Bit Server VM"/>
    <property name="java.vendor.version" value="18.9"/>
    <property name="localRepository" value="C:\Users\TriNity\.m2\repository"/>
    <property name="java.vendor.url.bug" value="http://bugreport.java.com/bugreport/"/>
    <property name="java.io.tmpdir" value="C:\Users\TriNity\AppData\Local\Temp\"/>
    <property name="java.version" value="11.0.3"/>
    <property name="user.dir" value="C:\Users\TriNity\IdeaProjects\Home_Testing"/>
    <property name="os.arch" value="amd64"/>
    <property name="java.vm.specification.name" value="Java Virtual Machine Specification"/>
    <property name="java.awt.printerjob" value="sun.awt.windows.WPrinterJob"/>
    <property name="idea.version2019.1.2" value="true"/>
    <property name="sun.os.patch.level" value=""/>
    <property name="java.library.path" value="C:\Program Files\Java\jdk-11.0.3\bin;C:\Windows\Sun\Java\bin;C:\Windows\system32;C:\Windows;C:\Program Files (x86)\Common Files\Oracle\Java\javapath;C:\Windows\system32;C:\Windows;C:\Windows\System32\Wbem;C:\Windows\System32\WindowsPowerShell\v1.0\;C:\Windows\System32\OpenSSH\;C:\Program Files\Git\cmd;C:\Program Files\dotnet\;C:\Program Files (x86)\dotnet\;C:\Program Files\nodejs\;C:\Program Files (x86)\QuickTime\QTSystem\;C:\Program Files (x86)\Calibre2\;C:\Program Files\Java\jre1.8.0_211\bin;C:\php;C:\Program Files (x86)\Java\jdk1.7.0_51\bin;C:\inetpub;C:\Program Files\JetBrains\IntelliJ IDEA Community Edition 2019.1.2\bin;;C:\Program Files (x86)\MySQL;;."/>
    <property name="java.vendor" value="Oracle Corporation"/>
    <property name="java.vm.info" value="mixed mode"/>
    <property name="java.vm.version" value="11.0.3+12-LTS"/>
    <property name="sun.io.unicode.encoding" value="UnicodeLittle"/>
    <property name="java.class.version" value="55.0"/>
  </properties>
  <testcase name="feature" classname="runner.TestRunner" time="333.439">
    <failure message="java.lang.NullPointerException" type="cucumber.runtime.CucumberException">cucumber.runtime.CucumberException: java.lang.NullPointerException
	at runner.TestRunner.feature(TestRunner.java:31)
Caused by: java.lang.NullPointerException
</failure>
    <system-out><![CDATA[Feature: Logging into very account with valid and invalid credentials

  Scenario Outline: Login with valid and invalid credential                                    &amp#27;[90m# vLogin.feature:6&amp#27;[0m
    &amp#27;[36mGiven &amp#27;[0m&amp#27;[36mI am on very login page&amp#27;[0m
    &amp#27;[36mWhen &amp#27;[0m&amp#27;[36mI enter username as "<Username>" and enter password as "<Password>" on the login page&amp#27;[0m
    &amp#27;[36mAnd &amp#27;[0m&amp#27;[36mI enter postcode as "<PostCode>" and I click on login button&amp#27;[0m
    &amp#27;[36mThen &amp#27;[0m&amp#27;[36mI should see a message "<Message>"&amp#27;[0m

    Examples: 

  Background: Very account login  &amp#27;[90m# vLogin.feature:3&amp#27;[0m
    &amp#27;[32mGiven &amp#27;[0m&amp#27;[32mI am on very login page&amp#27;[0m &amp#27;[90m# VLogin.i_am_on_very_login_page()&amp#27;[0m
<Message>
  Scenario Outline: Login with valid and invalid credential                                                &amp#27;[90m# vLogin.feature:13&amp#27;[0m
    &amp#27;[32mGiven &amp#27;[0m&amp#27;[32mI am on very login page&amp#27;[0m                                                                          &amp#27;[90m# VLogin.i_am_on_very_login_page()&amp#27;[0m
    &amp#27;[32mWhen &amp#27;[0m&amp#27;[32mI enter username as "&amp#27;[0m&amp#27;[32m&amp#27;[1mslidefix@gmail.com&amp#27;[0m&amp#27;[32m" and enter password as "&amp#27;[0m&amp#27;[32m&amp#27;[1mvalid password&amp#27;[0m&amp#27;[32m" on the login page&amp#27;[0m &amp#27;[90m# VLogin.i_enter_username_as_and_enter_password_as_on_the_login_page(String,String)&amp#27;[0m
    &amp#27;[32mAnd &amp#27;[0m&amp#27;[32mI enter postcode as "&amp#27;[0m&amp#27;[32m&amp#27;[1mSE1 6SL&amp#27;[0m&amp#27;[32m" and I click on login button&amp#27;[0m                                          &amp#27;[90m# VLogin.i_enter_postcode_as_and_I_click_on_login_button(String)&amp#27;[0m
    &amp#27;[32mThen &amp#27;[0m&amp#27;[32mI should see a message "&amp#27;[0m&amp#27;[32m&amp#27;[1msuccessfully logged into very account&amp#27;[0m&amp#27;[32m"&amp#27;[0m                                    &amp#27;[90m# VLogin.i_should_see_a_message(String)&amp#27;[0m

  Background: Very account login  &amp#27;[90m# vLogin.feature:3&amp#27;[0m
    &amp#27;[32mGiven &amp#27;[0m&amp#27;[32mI am on very login page&amp#27;[0m &amp#27;[90m# VLogin.i_am_on_very_login_page()&amp#27;[0m
<Message>
  Scenario Outline: Login with valid and invalid credential                                                  &amp#27;[90m# vLogin.feature:14&amp#27;[0m
    &amp#27;[32mGiven &amp#27;[0m&amp#27;[32mI am on very login page&amp#27;[0m                                                                            &amp#27;[90m# VLogin.i_am_on_very_login_page()&amp#27;[0m
    &amp#27;[32mWhen &amp#27;[0m&amp#27;[32mI enter username as "&amp#27;[0m&amp#27;[32m&amp#27;[1mslidefix@gmail.com&amp#27;[0m&amp#27;[32m" and enter password as "&amp#27;[0m&amp#27;[32m&amp#27;[1minvalid password&amp#27;[0m&amp#27;[32m" on the login page&amp#27;[0m &amp#27;[90m# VLogin.i_enter_username_as_and_enter_password_as_on_the_login_page(String,String)&amp#27;[0m
    &amp#27;[32mAnd &amp#27;[0m&amp#27;[32mI enter postcode as "&amp#27;[0m&amp#27;[32m&amp#27;[1mSE1 6SL&amp#27;[0m&amp#27;[32m" and I click on login button&amp#27;[0m                                            &amp#27;[90m# VLogin.i_enter_postcode_as_and_I_click_on_login_button(String)&amp#27;[0m
    &amp#27;[32mThen &amp#27;[0m&amp#27;[32mI should see a message "&amp#27;[0m&amp#27;[32m&amp#27;[1mLogin not successful&amp#27;[0m&amp#27;[32m"&amp#27;[0m                                                       &amp#27;[90m# VLogin.i_should_see_a_message(String)&amp#27;[0m

  Background: Very account login  &amp#27;[90m# vLogin.feature:3&amp#27;[0m
    &amp#27;[32mGiven &amp#27;[0m&amp#27;[32mI am on very login page&amp#27;[0m &amp#27;[90m# VLogin.i_am_on_very_login_page()&amp#27;[0m
<Message>
  Scenario Outline: Login with valid and invalid credential                                              &amp#27;[90m# vLogin.feature:15&amp#27;[0m
    &amp#27;[32mGiven &amp#27;[0m&amp#27;[32mI am on very login page&amp#27;[0m                                                                        &amp#27;[90m# VLogin.i_am_on_very_login_page()&amp#27;[0m
    &amp#27;[32mWhen &amp#27;[0m&amp#27;[32mI enter username as "&amp#27;[0m&amp#27;[32m&amp#27;[1minvalid username&amp#27;[0m&amp#27;[32m" and enter password as "&amp#27;[0m&amp#27;[32m&amp#27;[1mvalid password&amp#27;[0m&amp#27;[32m" on the login page&amp#27;[0m &amp#27;[90m# VLogin.i_enter_username_as_and_enter_password_as_on_the_login_page(String,String)&amp#27;[0m
    &amp#27;[32mAnd &amp#27;[0m&amp#27;[32mI enter postcode as "&amp#27;[0m&amp#27;[32m&amp#27;[1mSE1 6SL&amp#27;[0m&amp#27;[32m" and I click on login button&amp#27;[0m                                        &amp#27;[90m# VLogin.i_enter_postcode_as_and_I_click_on_login_button(String)&amp#27;[0m
    &amp#27;[32mThen &amp#27;[0m&amp#27;[32mI should see a message "&amp#27;[0m&amp#27;[32m&amp#27;[1menter a valid email address or account number&amp#27;[0m&amp#27;[32m"&amp#27;[0m                          &amp#27;[90m# VLogin.i_should_see_a_message(String)&amp#27;[0m

  Background: Very account login  &amp#27;[90m# vLogin.feature:3&amp#27;[0m
    &amp#27;[32mGiven &amp#27;[0m&amp#27;[32mI am on very login page&amp#27;[0m &amp#27;[90m# VLogin.i_am_on_very_login_page()&amp#27;[0m
<Message>
  Scenario Outline: Login with valid and invalid credential                                         &amp#27;[90m# vLogin.feature:16&amp#27;[0m
    &amp#27;[32mGiven &amp#27;[0m&amp#27;[32mI am on very login page&amp#27;[0m                                                                   &amp#27;[90m# VLogin.i_am_on_very_login_page()&amp#27;[0m
    &amp#27;[32mWhen &amp#27;[0m&amp#27;[32mI enter username as "&amp#27;[0m&amp#27;[32m&amp#27;[1mfield empty&amp#27;[0m&amp#27;[32m" and enter password as "&amp#27;[0m&amp#27;[32m&amp#27;[1mvalid password&amp#27;[0m&amp#27;[32m" on the login page&amp#27;[0m &amp#27;[90m# VLogin.i_enter_username_as_and_enter_password_as_on_the_login_page(String,String)&amp#27;[0m
    &amp#27;[32mAnd &amp#27;[0m&amp#27;[32mI enter postcode as "&amp#27;[0m&amp#27;[32m&amp#27;[1mSE1 6SL&amp#27;[0m&amp#27;[32m" and I click on login button&amp#27;[0m                                   &amp#27;[90m# VLogin.i_enter_postcode_as_and_I_click_on_login_button(String)&amp#27;[0m
    &amp#27;[32mThen &amp#27;[0m&amp#27;[32mI should see a message "&amp#27;[0m&amp#27;[32m&amp#27;[1mYour username or account number is required&amp#27;[0m&amp#27;[32m"&amp#27;[0m                       &amp#27;[90m# VLogin.i_should_see_a_message(String)&amp#27;[0m

  Background: Very account login  &amp#27;[90m# vLogin.feature:3&amp#27;[0m
    &amp#27;[32mGiven &amp#27;[0m&amp#27;[32mI am on very login page&amp#27;[0m &amp#27;[90m# VLogin.i_am_on_very_login_page()&amp#27;[0m
<Message>
  Scenario Outline: Login with valid and invalid credential                                             &amp#27;[90m# vLogin.feature:17&amp#27;[0m
    &amp#27;[32mGiven &amp#27;[0m&amp#27;[32mI am on very login page&amp#27;[0m                                                                       &amp#27;[90m# VLogin.i_am_on_very_login_page()&amp#27;[0m
    &amp#27;[32mWhen &amp#27;[0m&amp#27;[32mI enter username as "&amp#27;[0m&amp#27;[32m&amp#27;[1mslidefix@gmail.com&amp#27;[0m&amp#27;[32m" and enter password as "&amp#27;[0m&amp#27;[32m&amp#27;[1mfield empty&amp#27;[0m&amp#27;[32m" on the login page&amp#27;[0m &amp#27;[90m# VLogin.i_enter_username_as_and_enter_password_as_on_the_login_page(String,String)&amp#27;[0m
    &amp#27;[32mAnd &amp#27;[0m&amp#27;[32mI enter postcode as "&amp#27;[0m&amp#27;[32m&amp#27;[1mSE1 6SL&amp#27;[0m&amp#27;[32m" and I click on login button&amp#27;[0m                                       &amp#27;[90m# VLogin.i_enter_postcode_as_and_I_click_on_login_button(String)&amp#27;[0m
    &amp#27;[32mThen &amp#27;[0m&amp#27;[32mI should see a message "&amp#27;[0m&amp#27;[32m&amp#27;[1mYour password is required.&amp#27;[0m&amp#27;[32m"&amp#27;[0m                                            &amp#27;[90m# VLogin.i_should_see_a_message(String)&amp#27;[0m

  Background: Very account login  &amp#27;[90m# vLogin.feature:3&amp#27;[0m
    &amp#27;[32mGiven &amp#27;[0m&amp#27;[32mI am on very login page&amp#27;[0m &amp#27;[90m# VLogin.i_am_on_very_login_page()&amp#27;[0m
<Message>
  Scenario Outline: Login with valid and invalid credential                                      &amp#27;[90m# vLogin.feature:18&amp#27;[0m
    &amp#27;[32mGiven &amp#27;[0m&amp#27;[32mI am on very login page&amp#27;[0m                                                                &amp#27;[90m# VLogin.i_am_on_very_login_page()&amp#27;[0m
    &amp#27;[32mWhen &amp#27;[0m&amp#27;[32mI enter username as "&amp#27;[0m&amp#27;[32m&amp#27;[1mfield empty&amp#27;[0m&amp#27;[32m" and enter password as "&amp#27;[0m&amp#27;[32m&amp#27;[1mfield empty&amp#27;[0m&amp#27;[32m" on the login page&amp#27;[0m &amp#27;[90m# VLogin.i_enter_username_as_and_enter_password_as_on_the_login_page(String,String)&amp#27;[0m
    &amp#27;[32mAnd &amp#27;[0m&amp#27;[32mI enter postcode as "&amp#27;[0m&amp#27;[32m&amp#27;[1mSE1 6SL&amp#27;[0m&amp#27;[32m" and I click on login button&amp#27;[0m                                &amp#27;[90m# VLogin.i_enter_postcode_as_and_I_click_on_login_button(String)&amp#27;[0m
    &amp#27;[32mThen &amp#27;[0m&amp#27;[32mI should see a message "&amp#27;[0m&amp#27;[32m&amp#27;[1mUsername and Password are required&amp#27;[0m&amp#27;[32m"&amp#27;[0m                             &amp#27;[90m# VLogin.i_should_see_a_message(String)&amp#27;[0m

  Background: Very account login  &amp#27;[90m# vLogin.feature:3&amp#27;[0m
    &amp#27;[32mGiven &amp#27;[0m&amp#27;[32mI am on very login page&amp#27;[0m &amp#27;[90m# VLogin.i_am_on_very_login_page()&amp#27;[0m

  Scenario: Reset password                         &amp#27;[90m# vLogin.feature:20&amp#27;[0m
    &amp#27;[31mWhen &amp#27;[0m&amp#27;[31mI clicked on forgotten your password link&amp#27;[0m &amp#27;[90m# vReset.i_clicked_on_forgotten_your_password_link()&amp#27;[0m
      &amp#27;[31mjava.lang.NullPointerException
      	at stepDefinition.vReset.i_clicked_on_forgotten_your_password_link(vReset.java:27)
      	at ?.When I clicked on forgotten your password link(vLogin.feature:21)
      &amp#27;[0m
    &amp#27;[36mAnd &amp#27;[0m&amp#27;[36mI entered valid data&amp#27;[0m                       &amp#27;[90m# vReset.i_entered_valid_data(DataTable)&amp#27;[0m
    &amp#27;[36mAnd &amp#27;[0m&amp#27;[36mI click on Continue Button&amp#27;[0m                 &amp#27;[90m# vReset.i_click_on_Continue_Button()&amp#27;[0m
    &amp#27;[36mThen &amp#27;[0m&amp#27;[36mI should successfully reset my password&amp#27;[0m   &amp#27;[90m# vReset.i_should_successfully_reset_my_password()&amp#27;[0m
]]></system-out>
    <system-err><![CDATA[Starting ChromeDriver 2.46.628402 (536cd7adbad73a3783fdc2cab92ab2ba7ec361e1) on port 5595
Only local connections are allowed.
Please protect ports used by ChromeDriver and related test frameworks to prevent access by malicious code.
May 17, 2019 5:16:57 AM org.openqa.selenium.remote.ProtocolHandshake createSession
INFO: Attempting bi-dialect session, assuming Postel's Law holds true on the remote end
May 17, 2019 5:17:00 AM org.openqa.selenium.remote.ProtocolHandshake createSession
INFO: Detected dialect: OSS
Starting ChromeDriver 2.46.628402 (536cd7adbad73a3783fdc2cab92ab2ba7ec361e1) on port 17871
Only local connections are allowed.
Please protect ports used by ChromeDriver and related test frameworks to prevent access by malicious code.
May 17, 2019 5:17:18 AM org.openqa.selenium.remote.ProtocolHandshake createSession
INFO: Attempting bi-dialect session, assuming Postel's Law holds true on the remote end
May 17, 2019 5:17:21 AM org.openqa.selenium.remote.ProtocolHandshake createSession
INFO: Detected dialect: OSS
Starting ChromeDriver 2.46.628402 (536cd7adbad73a3783fdc2cab92ab2ba7ec361e1) on port 46414
Only local connections are allowed.
Please protect ports used by ChromeDriver and related test frameworks to prevent access by malicious code.
May 17, 2019 5:17:39 AM org.openqa.selenium.remote.ProtocolHandshake createSession
INFO: Attempting bi-dialect session, assuming Postel's Law holds true on the remote end
May 17, 2019 5:17:41 AM org.openqa.selenium.remote.ProtocolHandshake createSession
INFO: Detected dialect: OSS
Starting ChromeDriver 2.46.628402 (536cd7adbad73a3783fdc2cab92ab2ba7ec361e1) on port 37431
Only local connections are allowed.
Please protect ports used by ChromeDriver and related test frameworks to prevent access by malicious code.
May 17, 2019 5:18:04 AM org.openqa.selenium.remote.ProtocolHandshake createSession
INFO: Attempting bi-dialect session, assuming Postel's Law holds true on the remote end
May 17, 2019 5:18:07 AM org.openqa.selenium.remote.ProtocolHandshake createSession
INFO: Detected dialect: OSS
Starting ChromeDriver 2.46.628402 (536cd7adbad73a3783fdc2cab92ab2ba7ec361e1) on port 3424
Only local connections are allowed.
Please protect ports used by ChromeDriver and related test frameworks to prevent access by malicious code.
May 17, 2019 5:18:25 AM org.openqa.selenium.remote.ProtocolHandshake createSession
INFO: Attempting bi-dialect session, assuming Postel's Law holds true on the remote end
May 17, 2019 5:18:28 AM org.openqa.selenium.remote.ProtocolHandshake createSession
INFO: Detected dialect: OSS
Starting ChromeDriver 2.46.628402 (536cd7adbad73a3783fdc2cab92ab2ba7ec361e1) on port 31998
Only local connections are allowed.
Please protect ports used by ChromeDriver and related test frameworks to prevent access by malicious code.
May 17, 2019 5:18:47 AM org.openqa.selenium.remote.ProtocolHandshake createSession
INFO: Attempting bi-dialect session, assuming Postel's Law holds true on the remote end
May 17, 2019 5:18:52 AM org.openqa.selenium.remote.ProtocolHandshake createSession
INFO: Detected dialect: OSS
Starting ChromeDriver 2.46.628402 (536cd7adbad73a3783fdc2cab92ab2ba7ec361e1) on port 38078
Only local connections are allowed.
Please protect ports used by ChromeDriver and related test frameworks to prevent access by malicious code.
May 17, 2019 5:19:08 AM org.openqa.selenium.remote.ProtocolHandshake createSession
INFO: Attempting bi-dialect session, assuming Postel's Law holds true on the remote end
May 17, 2019 5:19:16 AM org.openqa.selenium.remote.ProtocolHandshake createSession
INFO: Detected dialect: OSS
Starting ChromeDriver 2.46.628402 (536cd7adbad73a3783fdc2cab92ab2ba7ec361e1) on port 7514
Only local connections are allowed.
Please protect ports used by ChromeDriver and related test frameworks to prevent access by malicious code.
May 17, 2019 5:19:39 AM org.openqa.selenium.remote.ProtocolHandshake createSession
INFO: Attempting bi-dialect session, assuming Postel's Law holds true on the remote end
May 17, 2019 5:19:43 AM org.openqa.selenium.remote.ProtocolHandshake createSession
INFO: Detected dialect: OSS
Starting ChromeDriver 2.46.628402 (536cd7adbad73a3783fdc2cab92ab2ba7ec361e1) on port 43543
Only local connections are allowed.
Please protect ports used by ChromeDriver and related test frameworks to prevent access by malicious code.
May 17, 2019 5:20:04 AM org.openqa.selenium.remote.ProtocolHandshake createSession
INFO: Attempting bi-dialect session, assuming Postel's Law holds true on the remote end
May 17, 2019 5:20:08 AM org.openqa.selenium.remote.ProtocolHandshake createSession
INFO: Detected dialect: OSS
Starting ChromeDriver 2.46.628402 (536cd7adbad73a3783fdc2cab92ab2ba7ec361e1) on port 2317
Only local connections are allowed.
Please protect ports used by ChromeDriver and related test frameworks to prevent access by malicious code.
May 17, 2019 5:20:32 AM org.openqa.selenium.remote.ProtocolHandshake createSession
INFO: Attempting bi-dialect session, assuming Postel's Law holds true on the remote end
May 17, 2019 5:20:37 AM org.openqa.selenium.remote.ProtocolHandshake createSession
INFO: Detected dialect: OSS
Starting ChromeDriver 2.46.628402 (536cd7adbad73a3783fdc2cab92ab2ba7ec361e1) on port 21743
Only local connections are allowed.
Please protect ports used by ChromeDriver and related test frameworks to prevent access by malicious code.
May 17, 2019 5:21:14 AM org.openqa.selenium.remote.ProtocolHandshake createSession
INFO: Attempting bi-dialect session, assuming Postel's Law holds true on the remote end
May 17, 2019 5:21:17 AM org.openqa.selenium.remote.ProtocolHandshake createSession
INFO: Detected dialect: OSS
Starting ChromeDriver 2.46.628402 (536cd7adbad73a3783fdc2cab92ab2ba7ec361e1) on port 20640
Only local connections are allowed.
Please protect ports used by ChromeDriver and related test frameworks to prevent access by malicious code.
May 17, 2019 5:21:43 AM org.openqa.selenium.remote.ProtocolHandshake createSession
INFO: Attempting bi-dialect session, assuming Postel's Law holds true on the remote end
May 17, 2019 5:21:45 AM org.openqa.selenium.remote.ProtocolHandshake createSession
INFO: Detected dialect: OSS
Starting ChromeDriver 2.46.628402 (536cd7adbad73a3783fdc2cab92ab2ba7ec361e1) on port 29549
Only local connections are allowed.
Please protect ports used by ChromeDriver and related test frameworks to prevent access by malicious code.
May 17, 2019 5:22:06 AM org.openqa.selenium.remote.ProtocolHandshake createSession
INFO: Attempting bi-dialect session, assuming Postel's Law holds true on the remote end
May 17, 2019 5:22:09 AM org.openqa.selenium.remote.ProtocolHandshake createSession
INFO: Detected dialect: OSS
]]></system-err>
  </testcase>
</testsuite>