<?xml version="1.0" encoding="UTF-8"?>
<!-- Generated by org.testng.reporters.JUnitReportReporter -->
<testsuite hostname="DESKTOP-8L4ELD8" name="runner.TestRunner" tests="1" failures="0" timestamp="2 May 2019 04:13:32 GMT" time="22.179" errors="0">
  <testcase name="feature" time="22.179" classname="runner.TestRunner"/>
</testsuite> <!-- runner.TestRunner -->
