<?xml version="1.0" encoding="UTF-8"?>
<!-- Generated by org.testng.reporters.JUnitReportReporter -->
<testsuite hostname="DESKTOP-2E9PMJ6" failures="0" tests="1" name="runner.TestRunner" time="295.100" errors="0" timestamp="18 May 2019 17:03:13 GMT">
  <testcase classname="runner.TestRunner" name="feature" time="295.100"/>
</testsuite> <!-- runner.TestRunner -->
